<?xml version="1.0" encoding="UTF-8"?>
<testsuite hostname="ISILLT10101" failures="0" tests="4" name="com.HybridFramework.Homepage.TestDataDrivenScript" time="0.925" errors="0" timestamp="24 Jul 2018 09:41:49 GMT">
  <testcase classname="com.HybridFramework.Homepage.TestDataDrivenScript" name="testLogin" time="0.009"/>
  <testcase classname="com.HybridFramework.Homepage.TestDataDrivenScript" name="testLogin" time="0.002"/>
  <testcase classname="com.HybridFramework.Homepage.TestDataDrivenScript" name="testLogin" time="0.003"/>
  <testcase classname="com.HybridFramework.Homepage.TestDataDrivenScript" name="testLogin" time="0.003"/>
</testsuite>
