<?xml version="1.0" encoding="UTF-8"?>
<testng-results skipped="0" failed="0" ignored="0" total="1" passed="1">
  <reporter-output>
  </reporter-output>
  <suite name="Default suite" duration-ms="33044" started-at="2018-08-03T10:52:32Z" finished-at="2018-08-03T10:53:06Z">
    <groups>
    </groups>
    <test name="Default test" duration-ms="33044" started-at="2018-08-03T10:52:32Z" finished-at="2018-08-03T10:53:06Z">
      <class name="com.HybridFramework.Homepage.TWPRC_CreationofRequest">
        <test-method status="PASS" signature="beforemethod(java.lang.reflect.Method)[pri:0, instance:com.HybridFramework.Homepage.TWPRC_CreationofRequest@60a8c0]" name="beforemethod" is-config="true" duration-ms="22" started-at="2018-08-03T10:52:33Z" finished-at="2018-08-03T10:52:33Z">
          <params>
            <param index="0">
              <value>
                <![CDATA[public void com.HybridFramework.Homepage.TWPRC_CreationofRequest.testlogin() throws java.io.IOException,java.lang.InterruptedException]]>
              </value>
            </param>
          </params>
          <reporter-output>
          </reporter-output>
        </test-method> <!-- beforemethod -->
        <test-method status="PASS" signature="testlogin()[pri:0, instance:com.HybridFramework.Homepage.TWPRC_CreationofRequest@60a8c0]" name="testlogin" duration-ms="32511" started-at="2018-08-03T10:52:33Z" finished-at="2018-08-03T10:53:05Z">
          <reporter-output>
          </reporter-output>
        </test-method> <!-- testlogin -->
        <test-method status="PASS" signature="endTest()[pri:0, instance:com.HybridFramework.Homepage.TWPRC_CreationofRequest@60a8c0]" name="endTest" is-config="true" duration-ms="465" started-at="2018-08-03T10:53:05Z" finished-at="2018-08-03T10:53:06Z">
          <reporter-output>
          </reporter-output>
        </test-method> <!-- endTest -->
        <test-method status="PASS" signature="afterMethod(org.testng.ITestResult)[pri:0, instance:com.HybridFramework.Homepage.TWPRC_CreationofRequest@60a8c0]" name="afterMethod" is-config="true" duration-ms="0" started-at="2018-08-03T10:53:05Z" finished-at="2018-08-03T10:53:05Z">
          <params>
            <param index="0">
              <value>
                <![CDATA[[TestResult name=testlogin status=SUCCESS method=TWPRC_CreationofRequest.testlogin()[pri:0, instance:com.HybridFramework.Homepage.TWPRC_CreationofRequest@60a8c0] output={null}]]]>
              </value>
            </param>
          </params>
          <reporter-output>
          </reporter-output>
        </test-method> <!-- afterMethod -->
      </class> <!-- com.HybridFramework.Homepage.TWPRC_CreationofRequest -->
    </test> <!-- Default test -->
  </suite> <!-- Default suite -->
</testng-results>
